<testsuite tests='1' results='1' failures='0' disabled='0' errors='0' time='6.637' name='behavior.viitteenlisays'>
  <testcase classname='behavior.viitteenlisays' name='creation successful' time='5.484' />
</testsuite>